/uufs/astro.utah.edu/common/home/u1371365/.local/lib/python3.10/site-packages/matplotlib/projections/__init__.py:63: UserWarning: Unable to import Axes3D. This may be due to multiple versions of Matplotlib being installed (e.g. as a system package and as a pip package). As a result, the 3D projection is not available.
  warnings.warn("Unable to import Axes3D. This may be due to multiple versions of "
2025-02-26 21:27:22,719 - Running pipeline...
2025-02-26 21:27:22,719 - --- Loading Data ---
2025-02-26 21:27:27,141 - Loading star metadata...
2025-02-26 21:27:27,205 - Loading dust data...
2025-02-26 21:27:36,206 - Loading CO emission data...
2025-02-26 21:27:36,460 - Loading HI emission data...
2025-02-26 21:27:36,596 - Data loaded!
2025-02-26 21:27:36,596 - --- Loading sightline module ---
/uufs/astro.utah.edu/common/home/u1371365/cloudKT/residual_process.py:205: RuntimeWarning: invalid value encountered in divide
  res_corr = spectrum / model / medres_model
/uufs/astro.utah.edu/common/home/u1371365/.local/lib/python3.10/site-packages/numpy/core/fromnumeric.py:771: UserWarning: Warning: 'partition' will ignore the 'mask' of the MaskedArray.
  a.partition(kth, axis=axis, kind=kind, order=order)
/uufs/astro.utah.edu/common/home/u1371365/cloudKT/residual_process.py:205: RuntimeWarning: divide by zero encountered in divide
  res_corr = spectrum / model / medres_model
2025-02-26 21:33:31,822 - --- Running Model ---
2025-02-26 21:33:31,822 - Starting MCMC Setup...
2025-02-26 21:33:31,823 - Running MCMC for sightline 0...
2025-02-26 21:33:33,279 - Running MCMC...
2025-02-26 21:33:33,280 - N walkers updated to 761
2025-02-26 21:39:45,654 - Running MCMC for sightline 1...
NDIM: 18 NSTAR: 20 INITSHAPE: (761, 378)
2025-02-26 21:39:47,420 - Running MCMC...
2025-02-26 21:39:47,420 - N walkers updated to 167
2025-02-26 21:42:00,035 - Running MCMC for sightline 2...
NDIM: 9 NSTAR: 8 INITSHAPE: (167, 81)
2025-02-26 21:42:01,500 - Running MCMC...
2025-02-26 21:42:01,500 - N walkers updated to 761
2025-02-26 21:48:07,127 - Running MCMC for sightline 3...
NDIM: 18 NSTAR: 20 INITSHAPE: (761, 378)
2025-02-26 21:48:08,580 - Running MCMC...
2025-02-26 21:48:08,580 - N walkers updated to 617
2025-02-26 21:52:54,474 - Running MCMC for sightline 4...
NDIM: 17 NSTAR: 17 INITSHAPE: (617, 306)
2025-02-26 21:52:55,916 - Running MCMC...
2025-02-26 21:52:55,916 - N walkers updated to 651
2025-02-26 21:58:03,995 - Running MCMC for sightline 5...
NDIM: 17 NSTAR: 18 INITSHAPE: (651, 323)
2025-02-26 21:58:05,456 - Running MCMC...
2025-02-26 21:58:05,457 - N walkers updated to 167
2025-02-26 22:00:21,007 - Running MCMC for sightline 6...
NDIM: 9 NSTAR: 8 INITSHAPE: (167, 81)
2025-02-26 22:00:22,463 - Running MCMC...
2025-02-26 22:00:22,464 - N walkers updated to 803
2025-02-26 22:06:54,079 - Running MCMC for sightline 7...
NDIM: 19 NSTAR: 20 INITSHAPE: (803, 399)
2025-02-26 22:06:55,545 - Running MCMC...
2025-02-26 22:06:55,546 - N walkers updated to 761
